<?xml version="1.0" encoding="utf-8"?><testsuites name="pytest tests"><testsuite name="pytest" errors="0" failures="0" skipped="0" tests="15" time="1.737" timestamp="2026-09-01T13:59:57.429735+00:00" hostname="agent-env-d3332ef4-86a5-493c-8383-ca57b186b063"><testcase classname="tests.test_neon_protocol_api.TestLeaderboard" name="test_leaderboard_returns_ranked_desc" time="0.574" /><testcase classname="tests.test_neon_protocol_api.TestScoreSubmission" name="test_submit_score_returns_entry_rank_and_flag" time="0.184" /><testcase classname="tests.test_neon_protocol_api.TestScoreSubmission" name="test_submit_score_high_score_flag_true_when_equal_or_higher" time="0.137" /><testcase classname="tests.test_neon_protocol_api.TestScoreSubmission" name="test_submit_score_high_score_flag_false_when_lower" time="0.128" /><testcase classname="tests.test_neon_protocol_api.TestScoreSubmission" name="test_submit_score_name_truncation_to_16" time="0.066" /><testcase classname="tests.test_neon_protocol_api.TestScoreSubmission" name="test_submit_score_empty_name_rejected" time="0.104" /><testcase classname="tests.test_neon_protocol_api.TestLeaderboard" name="test_leaderboard_limit_clamped" time="0.095" /><testcase classname="tests.test_neon_protocol_api.TestScoreSubmission" name="test_submit_score_negative_score_rejected" time="0.104" /><testcase classname="tests.test_neon_protocol_api.TestLeaderboard" name="test_leaderboard_limit_min" time="0.085" /><testcase classname="tests.test_neon_protocol_api.TestScoreSubmission" name="test_submit_score_wave_default" time="0.070" /><testcase classname="tests.test_neon_protocol_api.TestPersonalBest" name="test_personal_best_returns_null_for_unknown" time="0.130" /><testcase classname="tests.test_neon_protocol_api.TestRewards" name="test_reward_ad_default_type" time="0.071" /><testcase classname="tests.test_neon_protocol_api.TestRewards" name="test_reward_ad_custom_type" time="0.065" /><testcase classname="tests.test_neon_protocol_api.TestPersonalBest" name="test_personal_best_returns_max" time="0.455" /><testcase classname="tests.test_neon_protocol_api.TestHealth" name="test_root" time="0.093" /></testsuite></testsuites>