<?xml version="1.0" encoding="utf-8"?><testsuites name="pytest tests"><testsuite name="pytest" errors="0" failures="0" skipped="0" tests="15" time="1.938" timestamp="2026-09-01T14:36:02.182644+00:00" hostname="agent-env-d3332ef4-86a5-493c-8383-ca57b186b063"><testcase classname="tests.test_neon_protocol_api.TestLeaderboard" name="test_leaderboard_returns_ranked_desc" time="0.692" /><testcase classname="tests.test_neon_protocol_api.TestScoreSubmission" name="test_submit_score_returns_entry_rank_and_flag" time="0.426" /><testcase classname="tests.test_neon_protocol_api.TestScoreSubmission" name="test_submit_score_high_score_flag_true_when_equal_or_higher" time="0.210" /><testcase classname="tests.test_neon_protocol_api.TestScoreSubmission" name="test_submit_score_high_score_flag_false_when_lower" time="0.225" /><testcase classname="tests.test_neon_protocol_api.TestLeaderboard" name="test_leaderboard_limit_clamped" time="0.088" /><testcase classname="tests.test_neon_protocol_api.TestLeaderboard" name="test_leaderboard_limit_min" time="0.129" /><testcase classname="tests.test_neon_protocol_api.TestScoreSubmission" name="test_submit_score_name_truncation_to_16" time="0.118" /><testcase classname="tests.test_neon_protocol_api.TestPersonalBest" name="test_personal_best_returns_null_for_unknown" time="0.098" /><testcase classname="tests.test_neon_protocol_api.TestScoreSubmission" name="test_submit_score_empty_name_rejected" time="0.109" /><testcase classname="tests.test_neon_protocol_api.TestPersonalBest" name="test_personal_best_returns_max" time="0.450" /><testcase classname="tests.test_neon_protocol_api.TestScoreSubmission" name="test_submit_score_negative_score_rejected" time="0.099" /><testcase classname="tests.test_neon_protocol_api.TestScoreSubmission" name="test_submit_score_wave_default" time="0.137" /><testcase classname="tests.test_neon_protocol_api.TestHealth" name="test_root" time="0.112" /><testcase classname="tests.test_neon_protocol_api.TestRewards" name="test_reward_ad_default_type" time="0.087" /><testcase classname="tests.test_neon_protocol_api.TestRewards" name="test_reward_ad_custom_type" time="0.090" /></testsuite></testsuites>